<?xml version="1.0" encoding="UTF-8"?>
<!-- Generated by org.testng.reporters.JUnitReportReporter -->
<testsuite hostname="LAPTOP-QCMEKPNB" failures="0" tests="1" name="tests.BaseClass" time="0.004" errors="0" timestamp="2024-06-24T00:59:40 HOVT" skipped="0">
  <testcase classname="tests.BaseClass" name="sampleTest" time="0.004"/>
</testsuite> <!-- tests.BaseClass -->
